\BOOKMARK [0][]{section*.2}{\376\377\000M\000e\000t\000a\000l\000-\000p\000a\000d\000-\000r\000o\000l\000l\000\040\000i\000n\000s\000t\000a\000b\000i\000l\000i\000t\000y\000\040\000t\000h\000e\000o\000r\000y\000\040\000f\000o\000r\000\040\000s\000m\000a\000l\000l\000-\000s\000c\000a\000l\000e\000\040\000m\000o\000d\000e\000l\000s\000\040\000o\000f\000\040\000r\000e\000d\000u\000c\000t\000i\000o\000n\000\040\000c\000e\000l\000l\000s}{}% 2
\BOOKMARK [1][]{section*.1}{\376\377\000A\000b\000s\000t\000r\000a\000c\000t}{section*.2}% 1
\BOOKMARK [1][]{section*.3}{\376\377\000I\000\040\000I\000n\000t\000r\000o\000d\000u\000c\000t\000i\000o\000n}{section*.2}% 3
\BOOKMARK [1][]{section*.6}{\376\377\000I\000I\000\040\000L\000i\000n\000e\000a\000r\000\040\000s\000t\000a\000b\000i\000l\000i\000t\000y\000\040\000a\000n\000a\000l\000y\000s\000i\000s}{section*.2}% 4
\BOOKMARK [2][]{section*.7}{\376\377\000A\000\040\000F\000o\000r\000m\000u\000l\000a\000t\000i\000o\000n\000\040\000o\000f\000\040\000t\000h\000e\000\040\000p\000r\000o\000b\000l\000e\000m}{section*.6}% 5
\BOOKMARK [2][]{section*.9}{\376\377\000B\000\040\000G\000o\000v\000e\000r\000n\000i\000n\000g\000\040\000e\000q\000u\000a\000t\000i\000o\000n\000s\000\040\000a\000n\000d\000\040\000b\000o\000u\000n\000d\000a\000r\000y\000\040\000c\000o\000n\000d\000i\000t\000i\000o\000n\000s}{section*.6}% 6
\BOOKMARK [2][]{section*.32}{\376\377\000C\000\040\000T\000w\000o\000-\000w\000a\000v\000e\000\040\000p\000e\000r\000t\000u\000r\000b\000a\000t\000i\000o\000n\000\040\000a\000p\000p\000r\000o\000a\000c\000h}{section*.6}% 7
\BOOKMARK [2][]{section*.41}{\376\377\000D\000\040\000C\000a\000l\000c\000u\000l\000a\000t\000i\000o\000n\000\040\000o\000f\000\040\000t\000h\000e\000\040\000g\000r\000o\000w\000t\000h\000\040\000r\000a\000t\000e}{section*.6}% 8
\BOOKMARK [2][]{section*.72}{\376\377\000E\000\040\000T\000h\000e\000\040\000v\000i\000s\000c\000o\000u\000s\000\040\000d\000a\000m\000p\000i\000n\000g\000\040\000r\000a\000t\000e}{section*.6}% 9
\BOOKMARK [1][]{section*.94}{\376\377\000I\000I\000I\000\040\000C\000o\000m\000p\000a\000r\000i\000s\000o\000n\000\040\000a\000n\000d\000\040\000v\000a\000l\000i\000d\000a\000t\000i\000o\000n}{section*.2}% 10
\BOOKMARK [2][]{section*.95}{\376\377\000A\000\040\000N\000u\000m\000e\000r\000i\000c\000a\000l\000\040\000s\000i\000m\000u\000l\000a\000t\000i\000o\000n\000s\000\040\000o\000n\000\040\000t\000h\000e\000\040\000v\000i\000s\000c\000o\000u\000s\000\040\000d\000a\000m\000p\000i\000n\000g\000\040\000r\000a\000t\000e}{section*.94}% 11
\BOOKMARK [2][]{section*.98}{\376\377\000B\000\040\000C\000o\000m\000p\000a\000r\000i\000s\000o\000n\000\040\000w\000i\000t\000h\000\040\000L\000a\000R\000o\000c\000c\000a\0002\0000\0000\0002}{section*.94}% 12
\BOOKMARK [2][]{section*.100}{\376\377\000C\000\040\000C\000o\000m\000p\000a\000r\000i\000s\000o\000n\000\040\000w\000i\000t\000h\000\040\000P\000o\000l\000i\000t\000i\000s\0002\0000\0002\0001}{section*.94}% 13
\BOOKMARK [2][]{section*.108}{\376\377\000D\000\040\000C\000o\000m\000p\000a\000r\000i\000s\000o\000n\000\040\000w\000i\000t\000h\000\040\000m\000e\000a\000s\000u\000r\000e\000d\000\040\000s\000t\000a\000b\000i\000l\000i\000t\000y\000\040\000o\000n\000s\000e\000t\000s\000\040\000b\000y\000\040\000B\000o\000r\000i\000s\000o\000v\0002\0000\0001\0000}{section*.94}% 14
\BOOKMARK [1][]{section*.111}{\376\377\000I\000V\000\040\000C\000o\000n\000c\000l\000u\000d\000i\000n\000g\000\040\000r\000e\000m\000a\000r\000k\000s}{section*.2}% 15
\BOOKMARK [1][]{section*.112}{\376\377\000A\000\040\000F\000o\000r\000m\000u\000l\000a\000t\000i\000o\000n\000\040\000o\000f\000\040\000t\000h\000e\000\040\000F\000r\000e\000d\000h\000o\000l\000m\000\040\000a\000l\000t\000e\000r\000n\000a\000t\000i\000v\000e}{section*.2}% 16
\BOOKMARK [1][]{section*.133}{\376\377\000B\000\040\000S\000o\000l\000v\000i\000n\000g\000\040\000t\000h\000e\000\040\000m\000e\000c\000h\000a\000n\000i\000c\000a\000l\000\040\000e\000n\000e\000r\000g\000y\000\040\000b\000a\000l\000a\000n\000c\000e\000\040\000e\000q\000u\000a\000t\000i\000o\000n\000\040\000f\000o\000r\000\040\000v\000i\000s\000c\000o\000u\000s\000\040\000d\000e\000c\000a\000y}{section*.2}% 17
\BOOKMARK [1][]{section*.145}{\376\377\000C\000\040\000D\000e\000t\000e\000r\000m\000i\000n\000i\000n\000g\000\040\000t\000h\000e\000\040\000c\000r\000i\000t\000i\000c\000a\000l\000\040\000w\000a\000v\000e\000\040\000m\000o\000d\000e\000\040\000a\000n\000d\000\040\000t\000h\000e\000\040\000s\000t\000a\000b\000i\000l\000i\000t\000y\000\040\000o\000n\000s\000e\000t}{section*.2}% 18
\BOOKMARK [2][]{section*.146}{\376\377\0001\000\040\000C\000h\000o\000o\000s\000i\000n\000g\000\040\000t\000h\000e\000\040\000l\000a\000t\000e\000r\000a\000l\000\040\000w\000a\000v\000e\000\040\000n\000u\000m\000b\000e\000r\000s}{section*.145}% 19
\BOOKMARK [2][]{section*.149}{\376\377\0002\000\040\000C\000a\000l\000c\000u\000l\000a\000t\000i\000n\000g\000\040\000t\000h\000e\000\040\000s\000t\000a\000b\000i\000l\000i\000t\000y\000\040\000o\000n\000s\000e\000t}{section*.145}% 20
\BOOKMARK [1][]{section*.157}{\376\377\000D\000\040\000A\000d\000d\000i\000t\000i\000o\000n\000a\000l\000\040\000d\000e\000t\000a\000i\000l\000s\000\040\000r\000e\000g\000a\000r\000d\000i\000n\000g\000\040\000t\000h\000e\000\040\000n\000u\000m\000e\000r\000i\000c\000a\000l\000\040\000a\000n\000a\000l\000y\000s\000i\000s}{section*.2}% 21
\BOOKMARK [1][]{section*.161}{\376\377\000\040\000A\000c\000k\000n\000o\000w\000l\000e\000d\000g\000m\000e\000n\000t\000s}{section*.2}% 22
\BOOKMARK [1][]{section*.162}{\376\377\000\040\000R\000e\000f\000e\000r\000e\000n\000c\000e\000s}{section*.2}% 23
